<?xml version="1.0" encoding="UTF-8"?>
<!-- Generated by org.testng.reporters.JUnitReportReporter -->
<testsuite name="Page.TestLIJHomepage" tests="1" time="12.072" ignored="0" failures="0" timestamp="03 Jan 2017 18:04:25 GMT" skipped="0" hostname="Test" errors="0">
  <testcase name="testLIJHomepage" time="12.072" classname="Page.TestLIJHomepage"/>
</testsuite> <!-- Page.TestLIJHomepage -->
