<?xml version="1.0" encoding="UTF-8"?>
<!-- Generated by org.testng.reporters.JUnitReportReporter -->
<testsuite name="Page.TestAlibabaHomepage" tests="1" time="24.645" ignored="0" failures="0" timestamp="03 Jan 2017 18:03:00 GMT" skipped="0" hostname="Test" errors="0">
  <testcase name="testAlibabaHomepage" time="24.645" classname="Page.TestAlibabaHomepage"/>
</testsuite> <!-- Page.TestAlibabaHomepage -->
