<?xml version="1.0" encoding="UTF-8"?>
<!-- Generated by org.testng.reporters.JUnitReportReporter -->
<testsuite name="Page.TestCnnHomepage" tests="1" time="10.832" ignored="0" failures="0" timestamp="23 Jan 2017 03:22:42 GMT" skipped="0" hostname="mbp.local" errors="0">
  <testcase name="testCnnHomepage" time="10.832" classname="Page.TestCnnHomepage"/>
</testsuite> <!-- Page.TestCnnHomepage -->
