<?xml version="1.0" encoding="UTF-8"?>
<!-- Generated by org.testng.reporters.JUnitReportReporter -->
<testsuite name="Page.TestCnnHomepage" tests="1" time="24.949" ignored="0" failures="0" timestamp="03 Jan 2017 18:03:28 GMT" skipped="0" hostname="Test" errors="0">
  <testcase name="testCnnHomepage" time="24.949" classname="Page.TestCnnHomepage"/>
</testsuite> <!-- Page.TestCnnHomepage -->
