<?xml version="1.0" encoding="UTF-8"?>
<!-- Generated by org.testng.reporters.JUnitReportReporter -->
<testsuite name="Page.TestHomePage" tests="1" time="9.004" ignored="0" failures="0" timestamp="28 Jan 2017 20:02:28 GMT" skipped="0" hostname="mbp.local" errors="0">
  <testcase name="testTopNav" time="9.004" classname="Page.TestHomePage"/>
</testsuite> <!-- Page.TestHomePage -->
