<?xml version="1.0" encoding="UTF-8"?>
<!-- Generated by org.testng.reporters.JUnitReportReporter -->
<testsuite name="Page.TestBestbuyHomepage" tests="1" time="16.023" ignored="0" failures="0" timestamp="03 Jan 2017 18:04:44 GMT" skipped="0" hostname="Test" errors="0">
  <testcase name="testBestbuyHomepage" time="16.023" classname="Page.TestBestbuyHomepage"/>
</testsuite> <!-- Page.TestBestbuyHomepage -->
