<?xml version="1.0" encoding="UTF-8"?>
<!-- Generated by org.testng.reporters.JUnitReportReporter -->
<testsuite name="Page.TestDropdownMenus" tests="1" time="12.569" ignored="0" failures="0" timestamp="29 Jan 2017 01:25:47 GMT" skipped="0" hostname="mbp.local" errors="0">
  <testcase name="DropDownMenu" time="12.569" classname="Page.TestDropdownMenus"/>
</testsuite> <!-- Page.TestDropdownMenus -->
