<?xml version="1.0" encoding="UTF-8"?>
<!-- Generated by org.testng.reporters.JUnitReportReporter -->
<testsuite name="HomePage.TestSearchItems" tests="1" time="4.344" ignored="0" failures="0" timestamp="20 Jan 2017 21:04:32 GMT" skipped="0" hostname="mbp.local" errors="0">
  <testcase name="searchFor" time="4.344" classname="HomePage.TestSearchItems"/>
</testsuite> <!-- HomePage.TestSearchItems -->
