<?xml version="1.0" encoding="UTF-8"?>
<!-- Generated by org.testng.reporters.JUnitReportReporter -->
<testsuite name="Page.TestHomePage" tests="1" time="7.316" ignored="0" failures="0" timestamp="29 Jan 2017 01:25:47 GMT" skipped="0" hostname="mbp.local" errors="0">
  <testcase name="testTopNav" time="7.316" classname="Page.TestHomePage"/>
</testsuite> <!-- Page.TestHomePage -->
